2020-02-28 09:34:46.663  INFO 11504 --- [restartedMain] l.m.c.community.CommunityApplication     : Starting CommunityApplication on DESKTOP-5E0A9H8 with PID 11504 (E:\Java\community\target\classes started by Nj in E:\Java\community)
2020-02-28 09:34:46.665  INFO 11504 --- [restartedMain] l.m.c.community.CommunityApplication     : No active profile set, falling back to default profiles: default
2020-02-28 09:34:46.841  INFO 11504 --- [restartedMain] .e.DevToolsPropertyDefaultsPostProcessor : Devtools property defaults active! Set 'spring.devtools.add-properties' to 'false' to disable
2020-02-28 09:34:46.841  INFO 11504 --- [restartedMain] .e.DevToolsPropertyDefaultsPostProcessor : For additional web related logging consider setting the 'logging.level.web' property to 'DEBUG'
2020-02-28 09:34:47.012  WARN 11504 --- [background-preinit] o.s.h.c.j.Jackson2ObjectMapperBuilder    : For Jackson Kotlin classes support please add "com.fasterxml.jackson.module:jackson-module-kotlin" to the classpath
2020-02-28 09:34:48.881  INFO 11504 --- [restartedMain] o.s.b.w.embedded.tomcat.TomcatWebServer  : Tomcat initialized with port(s): 8887 (http)
2020-02-28 09:34:48.891  INFO 11504 --- [restartedMain] o.apache.catalina.core.StandardService   : Starting service [Tomcat]
2020-02-28 09:34:48.891  INFO 11504 --- [restartedMain] org.apache.catalina.core.StandardEngine  : Starting Servlet engine: [Apache Tomcat/9.0.29]
2020-02-28 09:34:49.010  INFO 11504 --- [restartedMain] o.a.c.c.C.[Tomcat].[localhost].[/]       : Initializing Spring embedded WebApplicationContext
2020-02-28 09:34:49.010  INFO 11504 --- [restartedMain] o.s.web.context.ContextLoader            : Root WebApplicationContext: initialization completed in 2160 ms
2020-02-28 09:34:49.053  INFO 11504 --- [restartedMain] com.zaxxer.hikari.HikariDataSource       : HikariPool-1 - Starting...
2020-02-28 09:34:49.273  INFO 11504 --- [restartedMain] com.zaxxer.hikari.HikariDataSource       : HikariPool-1 - Start completed.
2020-02-28 09:34:49.283  INFO 11504 --- [restartedMain] o.s.b.a.h2.H2ConsoleAutoConfiguration    : H2 console available at '/h2-console'. Database available at 'jdbc:h2:~/community'
2020-02-28 09:34:50.065  INFO 11504 --- [restartedMain] o.s.s.concurrent.ThreadPoolTaskExecutor  : Initializing ExecutorService 'applicationTaskExecutor'
2020-02-28 09:34:50.132  INFO 11504 --- [restartedMain] o.s.b.a.w.s.WelcomePageHandlerMapping    : Adding welcome page template: index
2020-02-28 09:34:50.503  INFO 11504 --- [restartedMain] o.s.b.d.a.OptionalLiveReloadServer       : LiveReload server is running on port 35729
2020-02-28 09:34:50.563  INFO 11504 --- [restartedMain] o.s.b.w.embedded.tomcat.TomcatWebServer  : Tomcat started on port(s): 8887 (http) with context path ''
2020-02-28 09:34:50.570  INFO 11504 --- [restartedMain] l.m.c.community.CommunityApplication     : Started CommunityApplication in 4.719 seconds (JVM running for 7.083)
2020-02-28 09:36:19.924  INFO 11504 --- [http-nio-8887-exec-1] o.a.c.c.C.[Tomcat].[localhost].[/]       : Initializing Spring DispatcherServlet 'dispatcherServlet'
2020-02-28 09:36:19.925  INFO 11504 --- [http-nio-8887-exec-1] o.s.web.servlet.DispatcherServlet        : Initializing Servlet 'dispatcherServlet'
2020-02-28 09:36:19.933  INFO 11504 --- [http-nio-8887-exec-1] o.s.web.servlet.DispatcherServlet        : Completed initialization in 8 ms
2020-02-28 09:36:20.009 DEBUG 11504 --- [http-nio-8887-exec-1] l.m.c.c.m.Q.selectBySearch               : ==>  Preparing: select * from QUESTION WHERE title regexp ? order by GMT_CREATE desc limit ?,? 
2020-02-28 09:36:20.032 DEBUG 11504 --- [http-nio-8887-exec-1] l.m.c.c.m.Q.selectBySearch               : ==> Parameters: dd|测试(String), 0(Integer), 5(Integer)
2020-02-28 09:36:20.055 DEBUG 11504 --- [http-nio-8887-exec-1] l.m.c.c.m.Q.selectBySearch               : <==      Total: 5
2020-02-28 09:36:20.058 DEBUG 11504 --- [http-nio-8887-exec-1] l.m.c.c.m.UserMapper.selectByPrimaryKey  : ==>  Preparing: select ID, ACCOUNT_ID, NAME, TOKEN, GMT_CREATE, GMT_MODIFIED, BIO, AVATAR_URL from USER where ID = ? 
2020-02-28 09:36:20.060 DEBUG 11504 --- [http-nio-8887-exec-1] l.m.c.c.m.UserMapper.selectByPrimaryKey  : ==> Parameters: 1(Long)
2020-02-28 09:36:20.061 DEBUG 11504 --- [http-nio-8887-exec-1] l.m.c.c.m.UserMapper.selectByPrimaryKey  : <==      Total: 1
2020-02-28 09:36:20.067 DEBUG 11504 --- [http-nio-8887-exec-1] l.m.c.c.m.UserMapper.selectByPrimaryKey  : ==>  Preparing: select ID, ACCOUNT_ID, NAME, TOKEN, GMT_CREATE, GMT_MODIFIED, BIO, AVATAR_URL from USER where ID = ? 
2020-02-28 09:36:20.068 DEBUG 11504 --- [http-nio-8887-exec-1] l.m.c.c.m.UserMapper.selectByPrimaryKey  : ==> Parameters: 1(Long)
2020-02-28 09:36:20.068 DEBUG 11504 --- [http-nio-8887-exec-1] l.m.c.c.m.UserMapper.selectByPrimaryKey  : <==      Total: 1
2020-02-28 09:36:20.069 DEBUG 11504 --- [http-nio-8887-exec-1] l.m.c.c.m.UserMapper.selectByPrimaryKey  : ==>  Preparing: select ID, ACCOUNT_ID, NAME, TOKEN, GMT_CREATE, GMT_MODIFIED, BIO, AVATAR_URL from USER where ID = ? 
2020-02-28 09:36:20.069 DEBUG 11504 --- [http-nio-8887-exec-1] l.m.c.c.m.UserMapper.selectByPrimaryKey  : ==> Parameters: 1(Long)
2020-02-28 09:36:20.071 DEBUG 11504 --- [http-nio-8887-exec-1] l.m.c.c.m.UserMapper.selectByPrimaryKey  : <==      Total: 1
2020-02-28 09:36:20.072 DEBUG 11504 --- [http-nio-8887-exec-1] l.m.c.c.m.UserMapper.selectByPrimaryKey  : ==>  Preparing: select ID, ACCOUNT_ID, NAME, TOKEN, GMT_CREATE, GMT_MODIFIED, BIO, AVATAR_URL from USER where ID = ? 
2020-02-28 09:36:20.072 DEBUG 11504 --- [http-nio-8887-exec-1] l.m.c.c.m.UserMapper.selectByPrimaryKey  : ==> Parameters: 1(Long)
2020-02-28 09:36:20.073 DEBUG 11504 --- [http-nio-8887-exec-1] l.m.c.c.m.UserMapper.selectByPrimaryKey  : <==      Total: 1
2020-02-28 09:36:20.074 DEBUG 11504 --- [http-nio-8887-exec-1] l.m.c.c.m.UserMapper.selectByPrimaryKey  : ==>  Preparing: select ID, ACCOUNT_ID, NAME, TOKEN, GMT_CREATE, GMT_MODIFIED, BIO, AVATAR_URL from USER where ID = ? 
2020-02-28 09:36:20.074 DEBUG 11504 --- [http-nio-8887-exec-1] l.m.c.c.m.UserMapper.selectByPrimaryKey  : ==> Parameters: 1(Long)
2020-02-28 09:36:20.076 DEBUG 11504 --- [http-nio-8887-exec-1] l.m.c.c.m.UserMapper.selectByPrimaryKey  : <==      Total: 1
2020-02-28 09:36:20.077 DEBUG 11504 --- [http-nio-8887-exec-1] l.m.c.c.m.Q.countBySearch                : ==>  Preparing: select count(*) from QUESTION WHERE title regexp ? 
2020-02-28 09:36:20.078 DEBUG 11504 --- [http-nio-8887-exec-1] l.m.c.c.m.Q.countBySearch                : ==> Parameters: dd|测试(String)
2020-02-28 09:36:20.083 DEBUG 11504 --- [http-nio-8887-exec-1] l.m.c.c.m.Q.countBySearch                : <==      Total: 1
2020-02-28 09:37:46.042 DEBUG 11504 --- [http-nio-8887-exec-3] l.m.c.c.m.Q.selectBySearch               : ==>  Preparing: select * from QUESTION WHERE title regexp ? order by GMT_CREATE desc limit ?,? 
2020-02-28 09:37:46.045 DEBUG 11504 --- [http-nio-8887-exec-3] l.m.c.c.m.Q.selectBySearch               : ==> Parameters: dd|测试(String), 5(Integer), 5(Integer)
2020-02-28 09:37:46.057 DEBUG 11504 --- [http-nio-8887-exec-3] l.m.c.c.m.Q.selectBySearch               : <==      Total: 2
2020-02-28 09:37:46.059 DEBUG 11504 --- [http-nio-8887-exec-3] l.m.c.c.m.UserMapper.selectByPrimaryKey  : ==>  Preparing: select ID, ACCOUNT_ID, NAME, TOKEN, GMT_CREATE, GMT_MODIFIED, BIO, AVATAR_URL from USER where ID = ? 
2020-02-28 09:37:46.059 DEBUG 11504 --- [http-nio-8887-exec-3] l.m.c.c.m.UserMapper.selectByPrimaryKey  : ==> Parameters: 1(Long)
2020-02-28 09:37:46.061 DEBUG 11504 --- [http-nio-8887-exec-3] l.m.c.c.m.UserMapper.selectByPrimaryKey  : <==      Total: 1
2020-02-28 09:37:46.062 DEBUG 11504 --- [http-nio-8887-exec-3] l.m.c.c.m.UserMapper.selectByPrimaryKey  : ==>  Preparing: select ID, ACCOUNT_ID, NAME, TOKEN, GMT_CREATE, GMT_MODIFIED, BIO, AVATAR_URL from USER where ID = ? 
2020-02-28 09:37:46.063 DEBUG 11504 --- [http-nio-8887-exec-3] l.m.c.c.m.UserMapper.selectByPrimaryKey  : ==> Parameters: 1(Long)
2020-02-28 09:37:46.067 DEBUG 11504 --- [http-nio-8887-exec-3] l.m.c.c.m.UserMapper.selectByPrimaryKey  : <==      Total: 1
2020-02-28 09:37:46.069 DEBUG 11504 --- [http-nio-8887-exec-3] l.m.c.c.m.Q.countBySearch                : ==>  Preparing: select count(*) from QUESTION WHERE title regexp ? 
2020-02-28 09:37:46.069 DEBUG 11504 --- [http-nio-8887-exec-3] l.m.c.c.m.Q.countBySearch                : ==> Parameters: dd|测试(String)
2020-02-28 09:37:46.071 DEBUG 11504 --- [http-nio-8887-exec-3] l.m.c.c.m.Q.countBySearch                : <==      Total: 1
2020-02-28 12:11:49.412  INFO 9548 --- [restartedMain] l.m.c.community.CommunityApplication     : Starting CommunityApplication on DESKTOP-5E0A9H8 with PID 9548 (E:\Java\community\target\classes started by Nj in E:\Java\community)
2020-02-28 12:11:49.416  INFO 9548 --- [restartedMain] l.m.c.community.CommunityApplication     : No active profile set, falling back to default profiles: default
2020-02-28 12:11:49.625  INFO 9548 --- [restartedMain] .e.DevToolsPropertyDefaultsPostProcessor : Devtools property defaults active! Set 'spring.devtools.add-properties' to 'false' to disable
2020-02-28 12:11:49.626  INFO 9548 --- [restartedMain] .e.DevToolsPropertyDefaultsPostProcessor : For additional web related logging consider setting the 'logging.level.web' property to 'DEBUG'
2020-02-28 12:11:49.705  WARN 9548 --- [background-preinit] o.s.h.c.j.Jackson2ObjectMapperBuilder    : For Jackson Kotlin classes support please add "com.fasterxml.jackson.module:jackson-module-kotlin" to the classpath
2020-02-28 12:11:51.099  INFO 9548 --- [restartedMain] o.s.b.w.embedded.tomcat.TomcatWebServer  : Tomcat initialized with port(s): 8887 (http)
2020-02-28 12:11:51.107  INFO 9548 --- [restartedMain] o.apache.catalina.core.StandardService   : Starting service [Tomcat]
2020-02-28 12:11:51.108  INFO 9548 --- [restartedMain] org.apache.catalina.core.StandardEngine  : Starting Servlet engine: [Apache Tomcat/9.0.29]
2020-02-28 12:11:51.186  INFO 9548 --- [restartedMain] o.a.c.c.C.[Tomcat].[localhost].[/]       : Initializing Spring embedded WebApplicationContext
2020-02-28 12:11:51.186  INFO 9548 --- [restartedMain] o.s.web.context.ContextLoader            : Root WebApplicationContext: initialization completed in 1550 ms
2020-02-28 12:11:51.231  INFO 9548 --- [restartedMain] com.zaxxer.hikari.HikariDataSource       : HikariPool-1 - Starting...
2020-02-28 12:11:51.398  INFO 9548 --- [restartedMain] com.zaxxer.hikari.HikariDataSource       : HikariPool-1 - Start completed.
2020-02-28 12:11:51.405  INFO 9548 --- [restartedMain] o.s.b.a.h2.H2ConsoleAutoConfiguration    : H2 console available at '/h2-console'. Database available at 'jdbc:h2:~/community'
2020-02-28 12:11:51.945  INFO 9548 --- [restartedMain] o.s.s.concurrent.ThreadPoolTaskExecutor  : Initializing ExecutorService 'applicationTaskExecutor'
2020-02-28 12:11:52.055  INFO 9548 --- [restartedMain] o.s.b.a.w.s.WelcomePageHandlerMapping    : Adding welcome page template: index
2020-02-28 12:11:52.200  INFO 9548 --- [restartedMain] o.s.s.c.ThreadPoolTaskScheduler          : Initializing ExecutorService 'taskScheduler'
2020-02-28 12:11:52.271  INFO 9548 --- [restartedMain] o.s.b.d.a.OptionalLiveReloadServer       : LiveReload server is running on port 35729
2020-02-28 12:11:52.295  INFO 9548 --- [scheduling-1] l.m.c.community.schedule.HotTagTask      : hotSchedule start Fri Feb 28 12:11:52 CST 2020
2020-02-28 12:11:52.325  INFO 9548 --- [restartedMain] o.s.b.w.embedded.tomcat.TomcatWebServer  : Tomcat started on port(s): 8887 (http) with context path ''
2020-02-28 12:11:52.330  INFO 9548 --- [restartedMain] l.m.c.community.CommunityApplication     : Started CommunityApplication in 3.574 seconds (JVM running for 5.561)
2020-02-28 12:11:52.335 DEBUG 9548 --- [scheduling-1] l.m.c.c.m.Q.selectByExampleWithRowbounds : ==>  Preparing: select ID, TITLE, GMT_CREATE, GMT_MODIFIED, CREATOR, COMMENT_COUNT, VIEW_COUNT, LIKE_COUNT, TAG from QUESTION 
2020-02-28 12:11:52.360 DEBUG 9548 --- [scheduling-1] l.m.c.c.m.Q.selectByExampleWithRowbounds : ==> Parameters: 
2020-02-28 12:11:52.389  INFO 9548 --- [scheduling-1] l.m.c.community.schedule.HotTagTask      : list question : 1
2020-02-28 12:11:52.389  INFO 9548 --- [scheduling-1] l.m.c.community.schedule.HotTagTask      : list question : 2
2020-02-28 12:11:52.389  INFO 9548 --- [scheduling-1] l.m.c.community.schedule.HotTagTask      : list question : 33
2020-02-28 12:11:52.391  INFO 9548 --- [scheduling-1] l.m.c.community.schedule.HotTagTask      : list question : 65
2020-02-28 12:11:52.391  INFO 9548 --- [scheduling-1] l.m.c.community.schedule.HotTagTask      : list question : 97
2020-02-28 12:11:52.393 DEBUG 9548 --- [scheduling-1] l.m.c.c.m.Q.selectByExampleWithRowbounds : ==>  Preparing: select ID, TITLE, GMT_CREATE, GMT_MODIFIED, CREATOR, COMMENT_COUNT, VIEW_COUNT, LIKE_COUNT, TAG from QUESTION 
2020-02-28 12:11:52.393 DEBUG 9548 --- [scheduling-1] l.m.c.c.m.Q.selectByExampleWithRowbounds : ==> Parameters: 
2020-02-28 12:11:52.398 DEBUG 9548 --- [scheduling-1] l.m.c.c.m.Q.selectByExampleWithRowbounds : <==      Total: 9
2020-02-28 12:11:52.401  INFO 9548 --- [scheduling-1] l.m.c.community.schedule.HotTagTask      : list question : 129
2020-02-28 12:11:52.403  INFO 9548 --- [scheduling-1] l.m.c.community.schedule.HotTagTask      : list question : 130
2020-02-28 12:11:52.406  INFO 9548 --- [scheduling-1] l.m.c.community.schedule.HotTagTask      : list question : 131
2020-02-28 12:11:52.411  INFO 9548 --- [scheduling-1] l.m.c.community.schedule.HotTagTask      : list question : 132
2020-02-28 12:11:52.411  INFO 9548 --- [scheduling-1] l.m.c.community.schedule.HotTagTask      : hotSchedule end Fri Feb 28 12:11:52 CST 2020
2020-02-28 12:12:02.295  INFO 9548 --- [scheduling-1] l.m.c.community.schedule.HotTagTask      : hotSchedule start Fri Feb 28 12:12:02 CST 2020
2020-02-28 12:12:02.300 DEBUG 9548 --- [scheduling-1] l.m.c.c.m.Q.selectByExampleWithRowbounds : ==>  Preparing: select ID, TITLE, GMT_CREATE, GMT_MODIFIED, CREATOR, COMMENT_COUNT, VIEW_COUNT, LIKE_COUNT, TAG from QUESTION 
2020-02-28 12:12:02.302 DEBUG 9548 --- [scheduling-1] l.m.c.c.m.Q.selectByExampleWithRowbounds : ==> Parameters: 
2020-02-28 12:12:02.314  INFO 9548 --- [scheduling-1] l.m.c.community.schedule.HotTagTask      : list question : 1
2020-02-28 12:12:02.316  INFO 9548 --- [scheduling-1] l.m.c.community.schedule.HotTagTask      : list question : 2
2020-02-28 12:12:02.318  INFO 9548 --- [scheduling-1] l.m.c.community.schedule.HotTagTask      : list question : 33
2020-02-28 12:12:02.319  INFO 9548 --- [scheduling-1] l.m.c.community.schedule.HotTagTask      : list question : 65
2020-02-28 12:12:02.320  INFO 9548 --- [scheduling-1] l.m.c.community.schedule.HotTagTask      : list question : 97
2020-02-28 12:12:02.325 DEBUG 9548 --- [scheduling-1] l.m.c.c.m.Q.selectByExampleWithRowbounds : ==>  Preparing: select ID, TITLE, GMT_CREATE, GMT_MODIFIED, CREATOR, COMMENT_COUNT, VIEW_COUNT, LIKE_COUNT, TAG from QUESTION 
2020-02-28 12:12:02.326 DEBUG 9548 --- [scheduling-1] l.m.c.c.m.Q.selectByExampleWithRowbounds : ==> Parameters: 
2020-02-28 12:12:02.344 DEBUG 9548 --- [scheduling-1] l.m.c.c.m.Q.selectByExampleWithRowbounds : <==      Total: 9
2020-02-28 12:12:02.345  INFO 9548 --- [scheduling-1] l.m.c.community.schedule.HotTagTask      : list question : 129
2020-02-28 12:12:02.345  INFO 9548 --- [scheduling-1] l.m.c.community.schedule.HotTagTask      : list question : 130
2020-02-28 12:12:02.345  INFO 9548 --- [scheduling-1] l.m.c.community.schedule.HotTagTask      : list question : 131
2020-02-28 12:12:02.345  INFO 9548 --- [scheduling-1] l.m.c.community.schedule.HotTagTask      : list question : 132
2020-02-28 12:12:02.345  INFO 9548 --- [scheduling-1] l.m.c.community.schedule.HotTagTask      : hotSchedule end Fri Feb 28 12:12:02 CST 2020
2020-02-28 12:12:12.296  INFO 9548 --- [scheduling-1] l.m.c.community.schedule.HotTagTask      : hotSchedule start Fri Feb 28 12:12:12 CST 2020
2020-02-28 12:12:12.299 DEBUG 9548 --- [scheduling-1] l.m.c.c.m.Q.selectByExampleWithRowbounds : ==>  Preparing: select ID, TITLE, GMT_CREATE, GMT_MODIFIED, CREATOR, COMMENT_COUNT, VIEW_COUNT, LIKE_COUNT, TAG from QUESTION 
2020-02-28 12:12:12.301 DEBUG 9548 --- [scheduling-1] l.m.c.c.m.Q.selectByExampleWithRowbounds : ==> Parameters: 
2020-02-28 12:12:12.308  INFO 9548 --- [scheduling-1] l.m.c.community.schedule.HotTagTask      : list question : 1
2020-02-28 12:12:12.309  INFO 9548 --- [scheduling-1] l.m.c.community.schedule.HotTagTask      : list question : 2
2020-02-28 12:12:12.310  INFO 9548 --- [scheduling-1] l.m.c.community.schedule.HotTagTask      : list question : 33
2020-02-28 12:12:12.311  INFO 9548 --- [scheduling-1] l.m.c.community.schedule.HotTagTask      : list question : 65
2020-02-28 12:12:12.314  INFO 9548 --- [scheduling-1] l.m.c.community.schedule.HotTagTask      : list question : 97
2020-02-28 12:12:12.321 DEBUG 9548 --- [scheduling-1] l.m.c.c.m.Q.selectByExampleWithRowbounds : ==>  Preparing: select ID, TITLE, GMT_CREATE, GMT_MODIFIED, CREATOR, COMMENT_COUNT, VIEW_COUNT, LIKE_COUNT, TAG from QUESTION 
2020-02-28 12:12:12.323 DEBUG 9548 --- [scheduling-1] l.m.c.c.m.Q.selectByExampleWithRowbounds : ==> Parameters: 
2020-02-28 12:12:12.331 DEBUG 9548 --- [scheduling-1] l.m.c.c.m.Q.selectByExampleWithRowbounds : <==      Total: 9
2020-02-28 12:12:12.332  INFO 9548 --- [scheduling-1] l.m.c.community.schedule.HotTagTask      : list question : 129
2020-02-28 12:12:12.333  INFO 9548 --- [scheduling-1] l.m.c.community.schedule.HotTagTask      : list question : 130
2020-02-28 12:12:12.333  INFO 9548 --- [scheduling-1] l.m.c.community.schedule.HotTagTask      : list question : 131
2020-02-28 12:12:12.334  INFO 9548 --- [scheduling-1] l.m.c.community.schedule.HotTagTask      : list question : 132
2020-02-28 12:12:12.334  INFO 9548 --- [scheduling-1] l.m.c.community.schedule.HotTagTask      : hotSchedule end Fri Feb 28 12:12:12 CST 2020
